#
# There is insufficient memory for the Java Runtime Environment to continue.
# Native memory allocation (mmap) failed to map 19327352832 bytes. Error detail: committing reserved memory.
# Possible reasons:
#   The system is out of physical RAM or swap space
#   This process is running with CompressedOops enabled, and the Java Heap may be blocking the growth of the native heap
# Possible solutions:
#   Reduce memory load on the system
#   Increase physical memory or swap space
#   Check if swap backing store is full
#   Decrease Java heap size (-Xmx/-Xms)
#   Decrease number of Java threads
#   Decrease Java thread stack sizes (-Xss)
#   Set larger code cache with -XX:ReservedCodeCacheSize=
#   JVM is running with Zero Based Compressed Oops mode in which the Java heap is
#     placed in the first 32GB address space. The Java Heap base address is the
#     maximum limit for the native heap growth. Please use -XX:HeapBaseMinAddress
#     to set the Java Heap base and to place the Java Heap above 32GB virtual address.
# This output file may be truncated or incomplete.
#
#  Out of Memory Error (os_linux.cpp:2793), pid=687, tid=710
#
# JRE version:  (21.0.6+7) (build )
# Java VM: OpenJDK 64-Bit Server VM (21.0.6+7-Ubuntu-124.04.1, mixed mode, sharing, tiered, compressed oops, compressed class ptrs, g1 gc, linux-amd64)
# Core dump will be written. Default location: Core dumps may be processed with "/wsl-capture-crash %t %E %p %s" (or dumping to /mnt/d/jmasm/core.687)
#

---------------  S U M M A R Y ------------

Command Line: -Xmx18G -Xms18G -Djansi.mode=force -Dclassworlds.conf=/usr/share/maven/bin/m2.conf -Dmaven.home=/usr/share/maven -Dlibrary.jansi.path=/usr/share/maven/lib/jansi-native -Dmaven.multiModuleProjectDirectory=/mnt/d/jmasm org.codehaus.plexus.classworlds.launcher.Launcher package -DskipTests -T 32

Host: 11th Gen Intel(R) Core(TM) i5-11400H @ 2.70GHz, 12 cores, 7G, Ubuntu 24.04.2 LTS
Time: Fri May  9 14:24:57 2025 AEST elapsed time: 0.032005 seconds (0d 0h 0m 0s)

---------------  T H R E A D  ---------------

Current thread (0x00007f83b8019ce0):  JavaThread "Unknown thread" [_thread_in_vm, id=710, stack(0x00007f83bdce7000,0x00007f83bdde7000) (1024K)]

Stack: [0x00007f83bdce7000,0x00007f83bdde7000],  sp=0x00007f83bdde5500,  free space=1017k
Native frames: (J=compiled Java code, j=interpreted, Vv=VM code, C=native code)
V  [libjvm.so+0x100fb2b]  VMError::report_and_die(int, char const*, char const*, __va_list_tag*, Thread*, unsigned char*, void*, void*, char const*, int, unsigned long)+0x27b  (os_linux.cpp:2793)
V  [libjvm.so+0x1010511]
V  [libjvm.so+0x6b0261]
V  [libjvm.so+0xcf8dad]  os::pd_commit_memory_or_exit(char*, unsigned long, unsigned long, bool, char const*)+0xdd
V  [libjvm.so+0xcf27df]  os::commit_memory_or_exit(char*, unsigned long, unsigned long, bool, char const*)+0x1f
V  [libjvm.so+0x80f6ab]  G1PageBasedVirtualSpace::commit(unsigned long, unsigned long)+0x5b
V  [libjvm.so+0x825d1b]  G1RegionsLargerThanCommitSizeMapper::commit_regions(unsigned int, unsigned long, WorkerThreads*)+0xab
V  [libjvm.so+0x8b658a]  HeapRegionManager::commit_regions(unsigned int, unsigned long, WorkerThreads*)+0x5a
V  [libjvm.so+0x8b822f]  HeapRegionManager::expand(unsigned int, unsigned int, WorkerThreads*)+0x2f
V  [libjvm.so+0x8b8445]  HeapRegionManager::expand_by(unsigned int, WorkerThreads*)+0x75
V  [libjvm.so+0x7c4e1c]  G1CollectedHeap::expand(unsigned long, WorkerThreads*, double*)+0xfc
V  [libjvm.so+0x7c53b3]  G1CollectedHeap::initialize()+0x543
V  [libjvm.so+0xfb2569]  universe_init()+0xd9
V  [libjvm.so+0x8d66fa]  init_globals()+0x3a
V  [libjvm.so+0xf91328]  Threads::create_vm(JavaVMInitArgs*, bool*)+0x278
V  [libjvm.so+0x9b0f23]  JNI_CreateJavaVM+0x53
C  [libjli.so+0x4673]  JavaMain+0x93
C  [libjli.so+0x846d]  ThreadJavaMain+0xd
C  [libc.so.6+0x9caa4]

---------------  P R O C E S S  ---------------

Threads class SMR info:
_java_thread_list=0x00007f83bf6bbd80, length=0, elements={
}

Java Threads: ( => current thread )
Total: 0

Other Threads:
  0x00007f83b8041a50 WorkerThread "GC Thread#0"                     [id=711, stack(0x00007f83bceaa000,0x00007f83bcfaa000) (1024K)]
  0x00007f83b804c080 ConcurrentGCThread "G1 Main Marker"            [id=712, stack(0x00007f83bcda9000,0x00007f83bcea9000) (1024K)]
  0x00007f83b804d030 WorkerThread "G1 Conc#0"                       [id=713, stack(0x00007f83bcca8000,0x00007f83bcda8000) (1024K)]

[error occurred during error reporting (printing all threads), id 0xb, SIGSEGV (0xb) at pc=0x00007f83be95c204]
VM state: not at safepoint (not fully initialized)

VM Mutex/Monitor currently owned by a thread:  ([mutex/lock_event])
[0x00007f83bf695bf8] Heap_lock - owner thread: 0x00007f83b8019ce0

Heap address: 0x0000000380000000, size: 18432 MB, Compressed Oops mode: Zero based, Oop shift amount: 3

CDS archive(s) mapped at: [0x0000000000000000-0x0000000000000000-0x0000000000000000), size 0, SharedBaseAddress: 0x0000000800000000, ArchiveRelocationMode: 1.
Narrow klass base: 0x0000000000000000, Narrow klass shift: 0, Narrow klass range: 0x0

GC Precious Log:
 CardTable entry size: 512
 Card Set container configuration: InlinePtr #cards 3 size 8 Array Of Cards #cards 128 size 272 Howl #buckets 8 coarsen threshold 29491 Howl Bitmap #cards 4096 size 528 coarsen threshold 3686 Card regions per heap region 1 cards per card region 32768

Heap:
 garbage-first heap   total 0K, used 0K [0x0000000380000000, 0x0000000800000000)
  region size 16384K, 0 young (0K), 0 survivors (0K)

[error occurred during error reporting (printing heap information), id 0xb, SIGSEGV (0xb) at pc=0x00007f83bef2131e]
GC Heap History (0 events):
No events

Dll operation events (1 events):
Event: 0.004 Loaded shared library /usr/lib/jvm/java-21-openjdk-amd64/lib/libjava.so

Deoptimization events (0 events):
No events

Classes loaded (0 events):
No events

Classes unloaded (0 events):
No events

Classes redefined (0 events):
No events

Internal exceptions (0 events):
No events

ZGC Phase Switch (0 events):
No events

VM Operations (0 events):
No events

Memory protections (1 events):
Event: 0.004 Protecting memory [0x00007f83bdce7000,0x00007f83bdceb000] with protection modes 0

Nmethod flushes (0 events):
No events

Events (0 events):
No events


Dynamic libraries:
55a6d4902000-55a6d4903000 r--p 00000000 08:20 60740                      /usr/lib/jvm/java-21-openjdk-amd64/bin/java
55a6d4903000-55a6d4904000 r-xp 00001000 08:20 60740                      /usr/lib/jvm/java-21-openjdk-amd64/bin/java
55a6d4904000-55a6d4905000 r--p 00002000 08:20 60740                      /usr/lib/jvm/java-21-openjdk-amd64/bin/java
55a6d4905000-55a6d4906000 r--p 00002000 08:20 60740                      /usr/lib/jvm/java-21-openjdk-amd64/bin/java
55a6d4906000-55a6d4907000 rw-p 00003000 08:20 60740                      /usr/lib/jvm/java-21-openjdk-amd64/bin/java
55a6d5248000-55a6d528f000 rw-p 00000000 00:00 0                          [heap]
7f837bd1e000-7f837c021000 rw-p 00000000 00:00 0 
7f837c021000-7f8380000000 ---p 00000000 00:00 0 
7f8380000000-7f8380021000 rw-p 00000000 00:00 0 
7f8380021000-7f8384000000 ---p 00000000 00:00 0 
7f8384000000-7f8384021000 rw-p 00000000 00:00 0 
7f8384021000-7f8388000000 ---p 00000000 00:00 0 
7f83881f3000-7f838a1f3000 rw-p 00000000 00:00 0 
7f838a1f3000-7f83a09f3000 ---p 00000000 00:00 0 
7f83a09f3000-7f83a0c63000 rwxp 00000000 00:00 0 
7f83a0c63000-7f83a7f2a000 ---p 00000000 00:00 0 
7f83a7f2a000-7f83a819a000 rwxp 00000000 00:00 0 
7f83a819a000-7f83a84bc000 ---p 00000000 00:00 0 
7f83a84bc000-7f83a872c000 rwxp 00000000 00:00 0 
7f83a872c000-7f83af9f3000 ---p 00000000 00:00 0 
7f83af9f3000-7f83b8000000 r--s 00000000 08:20 60814                      /usr/lib/jvm/java-21-openjdk-amd64/lib/modules
7f83b8000000-7f83b80a1000 rw-p 00000000 00:00 0 
7f83b80a1000-7f83bc000000 ---p 00000000 00:00 0 
7f83bc11d000-7f83bcca7000 rw-p 00000000 00:00 0 
7f83bcca7000-7f83bcca8000 ---p 00000000 00:00 0 
7f83bcca8000-7f83bcda8000 rw-p 00000000 00:00 0 
7f83bcda8000-7f83bcda9000 ---p 00000000 00:00 0 
7f83bcda9000-7f83bcea9000 rw-p 00000000 00:00 0 
7f83bcea9000-7f83bceaa000 ---p 00000000 00:00 0 
7f83bceaa000-7f83bdade000 rw-p 00000000 00:00 0 
7f83bdade000-7f83bdbc4000 ---p 00000000 00:00 0 
7f83bdbc4000-7f83bdbc9000 rw-p 00000000 00:00 0 
7f83bdbc9000-7f83bdcaf000 ---p 00000000 00:00 0 
7f83bdcaf000-7f83bdcb4000 rw-p 00000000 00:00 0 
7f83bdcb4000-7f83bdcbb000 ---p 00000000 00:00 0 
7f83bdcbb000-7f83bdcc8000 r--p 00000000 08:20 60790                      /usr/lib/jvm/java-21-openjdk-amd64/lib/libjava.so
7f83bdcc8000-7f83bdcd7000 r-xp 0000d000 08:20 60790                      /usr/lib/jvm/java-21-openjdk-amd64/lib/libjava.so
7f83bdcd7000-7f83bdcdc000 r--p 0001c000 08:20 60790                      /usr/lib/jvm/java-21-openjdk-amd64/lib/libjava.so
7f83bdcdc000-7f83bdcdd000 r--p 00021000 08:20 60790                      /usr/lib/jvm/java-21-openjdk-amd64/lib/libjava.so
7f83bdcdd000-7f83bdcde000 rw-p 00022000 08:20 60790                      /usr/lib/jvm/java-21-openjdk-amd64/lib/libjava.so
7f83bdcde000-7f83bdcdf000 rw-p 00000000 00:00 0 
7f83bdcdf000-7f83bdce7000 rw-s 00000000 08:20 85527                      /tmp/hsperfdata_charlie/687
7f83bdce7000-7f83bdceb000 ---p 00000000 00:00 0 
7f83bdceb000-7f83bdde7000 rw-p 00000000 00:00 0 
7f83bdde7000-7f83bddeb000 r--p 00000000 08:20 6625                       /usr/lib/x86_64-linux-gnu/libgcc_s.so.1
7f83bddeb000-7f83bde0f000 r-xp 00004000 08:20 6625                       /usr/lib/x86_64-linux-gnu/libgcc_s.so.1
7f83bde0f000-7f83bde13000 r--p 00028000 08:20 6625                       /usr/lib/x86_64-linux-gnu/libgcc_s.so.1
7f83bde13000-7f83bde14000 r--p 0002b000 08:20 6625                       /usr/lib/x86_64-linux-gnu/libgcc_s.so.1
7f83bde14000-7f83bde15000 rw-p 0002c000 08:20 6625                       /usr/lib/x86_64-linux-gnu/libgcc_s.so.1
7f83bde15000-7f83bde25000 r--p 00000000 08:20 24543                      /usr/lib/x86_64-linux-gnu/libm.so.6
7f83bde25000-7f83bdea4000 r-xp 00010000 08:20 24543                      /usr/lib/x86_64-linux-gnu/libm.so.6
7f83bdea4000-7f83bdefc000 r--p 0008f000 08:20 24543                      /usr/lib/x86_64-linux-gnu/libm.so.6
7f83bdefc000-7f83bdefd000 r--p 000e7000 08:20 24543                      /usr/lib/x86_64-linux-gnu/libm.so.6
7f83bdefd000-7f83bdefe000 rw-p 000e8000 08:20 24543                      /usr/lib/x86_64-linux-gnu/libm.so.6
7f83bdefe000-7f83bdf9b000 r--p 00000000 08:20 6160                       /usr/lib/x86_64-linux-gnu/libstdc++.so.6.0.33
7f83bdf9b000-7f83be0e3000 r-xp 0009d000 08:20 6160                       /usr/lib/x86_64-linux-gnu/libstdc++.so.6.0.33
7f83be0e3000-7f83be16a000 r--p 001e5000 08:20 6160                       /usr/lib/x86_64-linux-gnu/libstdc++.so.6.0.33
7f83be16a000-7f83be175000 r--p 0026b000 08:20 6160                       /usr/lib/x86_64-linux-gnu/libstdc++.so.6.0.33
7f83be175000-7f83be178000 rw-p 00276000 08:20 6160                       /usr/lib/x86_64-linux-gnu/libstdc++.so.6.0.33
7f83be178000-7f83be17c000 rw-p 00000000 00:00 0 
7f83be17c000-7f83be41d000 r--p 00000000 08:20 60818                      /usr/lib/jvm/java-21-openjdk-amd64/lib/server/libjvm.so
7f83be41d000-7f83bf289000 r-xp 002a1000 08:20 60818                      /usr/lib/jvm/java-21-openjdk-amd64/lib/server/libjvm.so
7f83bf289000-7f83bf561000 r--p 0110d000 08:20 60818                      /usr/lib/jvm/java-21-openjdk-amd64/lib/server/libjvm.so
7f83bf561000-7f83bf634000 r--p 013e5000 08:20 60818                      /usr/lib/jvm/java-21-openjdk-amd64/lib/server/libjvm.so
7f83bf634000-7f83bf664000 rw-p 014b8000 08:20 60818                      /usr/lib/jvm/java-21-openjdk-amd64/lib/server/libjvm.so
7f83bf664000-7f83bf6cc000 rw-p 00000000 00:00 0 
7f83bf6cc000-7f83bf6f4000 r--p 00000000 08:20 24540                      /usr/lib/x86_64-linux-gnu/libc.so.6
7f83bf6f4000-7f83bf87c000 r-xp 00028000 08:20 24540                      /usr/lib/x86_64-linux-gnu/libc.so.6
7f83bf87c000-7f83bf8cb000 r--p 001b0000 08:20 24540                      /usr/lib/x86_64-linux-gnu/libc.so.6
7f83bf8cb000-7f83bf8cf000 r--p 001fe000 08:20 24540                      /usr/lib/x86_64-linux-gnu/libc.so.6
7f83bf8cf000-7f83bf8d1000 rw-p 00202000 08:20 24540                      /usr/lib/x86_64-linux-gnu/libc.so.6
7f83bf8d1000-7f83bf8de000 rw-p 00000000 00:00 0 
7f83bf8de000-7f83bf8e0000 r--p 00000000 08:20 60794                      /usr/lib/jvm/java-21-openjdk-amd64/lib/libjli.so
7f83bf8e0000-7f83bf8ea000 r-xp 00002000 08:20 60794                      /usr/lib/jvm/java-21-openjdk-amd64/lib/libjli.so
7f83bf8ea000-7f83bf8ed000 r--p 0000c000 08:20 60794                      /usr/lib/jvm/java-21-openjdk-amd64/lib/libjli.so
7f83bf8ed000-7f83bf8ee000 r--p 0000f000 08:20 60794                      /usr/lib/jvm/java-21-openjdk-amd64/lib/libjli.so
7f83bf8ee000-7f83bf8ef000 rw-p 00010000 08:20 60794                      /usr/lib/jvm/java-21-openjdk-amd64/lib/libjli.so
7f83bf8ef000-7f83bf8f1000 r--p 00000000 08:20 6316                       /usr/lib/x86_64-linux-gnu/libz.so.1.3
7f83bf8f1000-7f83bf903000 r-xp 00002000 08:20 6316                       /usr/lib/x86_64-linux-gnu/libz.so.1.3
7f83bf903000-7f83bf909000 r--p 00014000 08:20 6316                       /usr/lib/x86_64-linux-gnu/libz.so.1.3
7f83bf909000-7f83bf90a000 r--p 0001a000 08:20 6316                       /usr/lib/x86_64-linux-gnu/libz.so.1.3
7f83bf90a000-7f83bf90b000 rw-p 0001b000 08:20 6316                       /usr/lib/x86_64-linux-gnu/libz.so.1.3
7f83bf90f000-7f83bf910000 ---p 00000000 00:00 0 
7f83bf910000-7f83bf911000 r--p 00000000 00:00 0 
7f83bf911000-7f83bf912000 ---p 00000000 00:00 0 
7f83bf912000-7f83bf914000 r--p 00000000 08:20 60793                      /usr/lib/jvm/java-21-openjdk-amd64/lib/libjimage.so
7f83bf914000-7f83bf917000 r-xp 00002000 08:20 60793                      /usr/lib/jvm/java-21-openjdk-amd64/lib/libjimage.so
7f83bf917000-7f83bf918000 r--p 00005000 08:20 60793                      /usr/lib/jvm/java-21-openjdk-amd64/lib/libjimage.so
7f83bf918000-7f83bf919000 r--p 00006000 08:20 60793                      /usr/lib/jvm/java-21-openjdk-amd64/lib/libjimage.so
7f83bf919000-7f83bf91a000 rw-p 00007000 08:20 60793                      /usr/lib/jvm/java-21-openjdk-amd64/lib/libjimage.so
7f83bf91a000-7f83bf91c000 rw-p 00000000 00:00 0 
7f83bf91c000-7f83bf91d000 r--p 00000000 08:20 24537                      /usr/lib/x86_64-linux-gnu/ld-linux-x86-64.so.2
7f83bf91d000-7f83bf948000 r-xp 00001000 08:20 24537                      /usr/lib/x86_64-linux-gnu/ld-linux-x86-64.so.2
7f83bf948000-7f83bf952000 r--p 0002c000 08:20 24537                      /usr/lib/x86_64-linux-gnu/ld-linux-x86-64.so.2
7f83bf952000-7f83bf954000 r--p 00036000 08:20 24537                      /usr/lib/x86_64-linux-gnu/ld-linux-x86-64.so.2
7f83bf954000-7f83bf956000 rw-p 00038000 08:20 24537                      /usr/lib/x86_64-linux-gnu/ld-linux-x86-64.so.2
7fff067bd000-7fff067df000 rw-p 00000000 00:00 0                          [stack]
7fff067ee000-7fff067f2000 r--p 00000000 00:00 0                          [vvar]
7fff067f2000-7fff067f4000 r-xp 00000000 00:00 0                          [vdso]
Total number of mappings: 99


VM Arguments:
jvm_args: -Xmx18G -Xms18G -Djansi.mode=force -Dclassworlds.conf=/usr/share/maven/bin/m2.conf -Dmaven.home=/usr/share/maven -Dlibrary.jansi.path=/usr/share/maven/lib/jansi-native -Dmaven.multiModuleProjectDirectory=/mnt/d/jmasm 
java_command: org.codehaus.plexus.classworlds.launcher.Launcher package -DskipTests -T 32
java_class_path (initial): /usr/share/maven/boot/plexus-classworlds-2.x.jar
Launcher Type: SUN_STANDARD

[Global flags]
     intx CICompilerCount                          = 4                                         {product} {ergonomic}
     uint ConcGCThreads                            = 3                                         {product} {ergonomic}
     uint G1ConcRefinementThreads                  = 10                                        {product} {ergonomic}
   size_t G1HeapRegionSize                         = 16777216                                  {product} {ergonomic}
    uintx GCDrainStackTargetSize                   = 64                                        {product} {ergonomic}
   size_t InitialHeapSize                          = 19327352832                               {product} {command line}
   size_t MarkStackSize                            = 4194304                                   {product} {ergonomic}
   size_t MaxHeapSize                              = 19327352832                               {product} {command line}
   size_t MinHeapDeltaBytes                        = 16777216                                  {product} {ergonomic}
   size_t MinHeapSize                              = 19327352832                               {product} {command line}
    uintx NonNMethodCodeHeapSize                   = 5839372                                {pd product} {ergonomic}
    uintx NonProfiledCodeHeapSize                  = 122909434                              {pd product} {ergonomic}
    uintx ProfiledCodeHeapSize                     = 122909434                              {pd product} {ergonomic}
    uintx ReservedCodeCacheSize                    = 251658240                              {pd product} {ergonomic}
     bool SegmentedCodeCache                       = true                                      {product} {ergonomic}
   size_t SoftMaxHeapSize                          = 19327352832                            {manageable} {ergonomic}
     bool UseCompressedOops                        = true                           {product lp64_product} {ergonomic}
     bool UseG1GC                                  = true                                      {product} {ergonomic}

Logging:
Log output configuration:
 #0: stdout all=warning uptime,level,tags foldmultilines=false
 #1: stderr all=off uptime,level,tags foldmultilines=false

Environment Variables:
PATH=/usr/local/sbin:/usr/local/bin:/usr/sbin:/usr/bin:/sbin:/bin:/usr/games:/usr/local/games:/usr/lib/wsl/lib:/mnt/c/Program Files (x86)/VMware/VMware Workstation/bin/:/mnt/c/Program Files/Oculus/Support/oculus-runtime:/mnt/c/Program Files/Common Files/Oracle/Java/javapath:/mnt/c/Program Files (x86)/Common Files/Oracle/Java/java8path:/mnt/c/Program Files (x86)/Common Files/Oracle/Java/javapath:/mnt/c/Windows/system32:/mnt/c/Windows:/mnt/c/Windows/System32/Wbem:/mnt/c/Windows/System32/WindowsPowerShell/v1.0/:/mnt/c/Windows/System32/OpenSSH/:/mnt/c/Program Files (x86)/NVIDIA Corporation/PhysX/Common:/mnt/c/WINDOWS/system32:/mnt/c/WINDOWS:/mnt/c/WINDOWS/System32/Wbem:/mnt/c/WINDOWS/System32/WindowsPowerShell/v1.0/:/mnt/c/WINDOWS/System32/OpenSSH/:/mnt/c/Program Files/Microsoft SQL Server/150/Tools/Binn/:/mnt/c/Program Files/Microsoft SQL Server/Client SDK/ODBC/170/Tools/Binn/:/mnt/c/Program Files/dotnet/:/mnt/c/Program Files (x86)/Windows Kits/10/Windows Performance Toolkit/:/mnt/c/Program Files/Certbot/bin:/mnt/c/Program Files/CraftOS-PC:/mnt/c/Program Files/nodejs/:/mnt/c/Program Files/Git/cmd:/mnt/c/Program Files/Microsoft VS Code Insiders/bin:/mnt/c/Program Files (x86)/Microsoft SQL Server/90/Tools/binn/:/mnt/c/Users/GAMER/AppData/Local/Programs/cursor/resources/app/bin:/mnt/c/Program Files/komorebi/bin/:/mnt/c/Program Files/Docker/Docker/resources/bin:/mnt/c/Program Files (x86)/GtkSharp/2.12/bin:/mnt/c/Program Files/Tailscale/:/mnt/c/Program Files/WezTerm:/mnt/c/Program Files/NVIDIA Corporation/NVIDIA app/NvDLISR:/mnt/c/Users/GAMER/scoop/apps/maven/3.9.9/bin/:/mnt/c/Program Files/Microsoft SQL Server/110/Tools/Binn/:/mnt/c/msys64/home/GAMER/C-Masm:/home/charlie/.dotnet/tools
SHELL=/bin/bash
DISPLAY=:0
HOSTTYPE=x86_64
LANG=C.UTF-8
TERM=xterm-256color

Active Locale:
LC_ALL=C
LC_COLLATE=C
LC_CTYPE=C
LC_MESSAGES=C
LC_MONETARY=C
LC_NUMERIC=C
LC_TIME=C

Signal Handlers:
   SIGSEGV: crash_handler in libjvm.so, mask=11100100010111111101111111111110, flags=SA_RESTART|SA_SIGINFO, unblocked
    SIGBUS: crash_handler in libjvm.so, mask=11100100010111111101111111111110, flags=SA_RESTART|SA_SIGINFO, unblocked
    SIGFPE: crash_handler in libjvm.so, mask=11100100010111111101111111111110, flags=SA_RESTART|SA_SIGINFO, unblocked
   SIGPIPE: javaSignalHandler in libjvm.so, mask=11100100010111111101111111111110, flags=SA_RESTART|SA_SIGINFO, blocked
   SIGXFSZ: javaSignalHandler in libjvm.so, mask=11100100010111111101111111111110, flags=SA_RESTART|SA_SIGINFO, blocked
    SIGILL: crash_handler in libjvm.so, mask=11100100010111111101111111111110, flags=SA_RESTART|SA_SIGINFO, unblocked
   SIGUSR2: SR_handler in libjvm.so, mask=00000000000000000000000000000000, flags=SA_RESTART|SA_SIGINFO, blocked
    SIGHUP: SIG_DFL, mask=00000000000000000000000000000000, flags=none, blocked
    SIGINT: SIG_DFL, mask=00000000000000000000000000000000, flags=none, blocked
   SIGTERM: SIG_DFL, mask=00000000000000000000000000000000, flags=none, blocked
   SIGQUIT: UserHandler in libjvm.so, mask=11100100010111111101111111111110, flags=SA_RESTART|SA_SIGINFO, blocked
   SIGTRAP: crash_handler in libjvm.so, mask=11100100010111111101111111111110, flags=SA_RESTART|SA_SIGINFO, unblocked


Periodic native trim disabled

---------------  S Y S T E M  ---------------

OS:
DISTRIB_ID=Ubuntu
DISTRIB_RELEASE=24.04
DISTRIB_CODENAME=noble
DISTRIB_DESCRIPTION="Ubuntu 24.04.2 LTS"
uname: Linux 5.15.153.1-microsoft-standard-WSL2 #1 SMP Fri Mar 29 23:14:13 UTC 2024 x86_64
OS uptime: 0 days 0:11 hours
libc: glibc 2.39 NPTL 2.39 
rlimit (soft/hard): STACK 8192k/infinity , CORE 0k/infinity , NPROC 31234/31234 , NOFILE 1048576/1048576 , AS infinity/infinity , CPU infinity/infinity , DATA infinity/infinity , FSIZE infinity/infinity , MEMLOCK 65536k/65536k
load average: 0.54 0.60 0.27

/proc/meminfo:
MemTotal:        8002752 kB
MemFree:         3371012 kB
MemAvailable:    7240048 kB
Buffers:           33036 kB
Cached:          3987724 kB
SwapCached:            0 kB
Active:           573276 kB
Inactive:        3586928 kB
Active(anon):       2452 kB
Inactive(anon):   140092 kB
Active(file):     570824 kB
Inactive(file):  3446836 kB
Unevictable:           0 kB
Mlocked:               0 kB
SwapTotal:       2097152 kB
SwapFree:        2097152 kB
Dirty:                24 kB
Writeback:             0 kB
AnonPages:        137624 kB
Mapped:           157316 kB
Shmem:              3052 kB
KReclaimable:     134004 kB
Slab:             200444 kB
SReclaimable:     134004 kB
SUnreclaim:        66440 kB
KernelStack:        4148 kB
PageTables:         2748 kB
NFS_Unstable:          0 kB
Bounce:                0 kB
WritebackTmp:          0 kB
CommitLimit:     6098528 kB
Committed_AS:     670744 kB
VmallocTotal:   34359738367 kB
VmallocUsed:       25696 kB
VmallocChunk:          0 kB
Percpu:             6336 kB
AnonHugePages:     79872 kB
ShmemHugePages:        0 kB
ShmemPmdMapped:        0 kB
FileHugePages:         0 kB
FilePmdMapped:         0 kB
HugePages_Total:       0
HugePages_Free:        0
HugePages_Rsvd:        0
HugePages_Surp:        0
Hugepagesize:       2048 kB
Hugetlb:               0 kB
DirectMap4k:       68608 kB
DirectMap2M:     5038080 kB
DirectMap1G:    11534336 kB

/sys/kernel/mm/transparent_hugepage/enabled: [always] madvise never
/sys/kernel/mm/transparent_hugepage/hpage_pmd_size: 2097152
/sys/kernel/mm/transparent_hugepage/defrag (defrag/compaction efforts parameter): always defer defer+madvise [madvise] never

Process Memory:
Virtual Size: 1107552K (peak: 19977432K)
Resident Set Size: 22312K (peak: 22312K) (anon: 7520K, file: 14792K, shmem: 0K)
Swapped out: 0K
C-Heap outstanding allocations: 26669K, retained: 594K
glibc malloc tunables: (default)

/proc/sys/kernel/threads-max (system-wide limit on the number of threads): 62468
/proc/sys/vm/max_map_count (maximum number of memory map areas a process may have): 1048576
/proc/sys/vm/swappiness (control to define how aggressively the kernel swaps out anonymous memory): 60
/proc/sys/kernel/pid_max (system-wide limit on number of process identifiers): 4194304

container (cgroup) information:
container_type: cgroupv1
cpu_cpuset_cpus: 0-11
cpu_memory_nodes: 0
active_processor_count: 12
cpu_quota: no quota
cpu_period: 100000
cpu_shares: no shares
memory_limit_in_bytes: unlimited
memory_and_swap_limit_in_bytes: unlimited
memory_soft_limit_in_bytes: unlimited
memory_usage_in_bytes: 3888388 k
memory_max_usage_in_bytes: 4653552 k
kernel_memory_usage_in_bytes: 110352 k
kernel_memory_max_usage_in_bytes: unlimited
kernel_memory_limit_in_bytes: 113656 k
maximum number of tasks: 4915
current number of tasks: 13

Hyper-V virtualization detected
Steal ticks since vm start: 0
Steal ticks percentage since vm start:  0.000

CPU: total 12 (initial active 12) (8 cores per cpu, 2 threads per core) family 6 model 141 stepping 1 microcode 0xffffffff, cx8, cmov, fxsr, ht, mmx, 3dnowpref, sse, sse2, sse3, ssse3, sse4.1, sse4.2, popcnt, lzcnt, tsc, tscinvbit, avx, avx2, aes, erms, clmul, bmi1, bmi2, adx, avx512f, avx512dq, avx512cd, avx512bw, avx512vl, sha, fma, vzeroupper, avx512_vpopcntdq, avx512_vpclmulqdq, avx512_vaes, avx512_vnni, clflush, clflushopt, clwb, avx512_vbmi2, avx512_vbmi, hv, rdtscp, rdpid, fsrm, gfni, avx512_bitalg, f16c, cet_ibt, cet_ss, avx512_ifma
CPU Model and flags from /proc/cpuinfo:
model name	: 11th Gen Intel(R) Core(TM) i5-11400H @ 2.70GHz
flags		: fpu vme de pse tsc msr pae mce cx8 apic sep mtrr pge mca cmov pat pse36 clflush mmx fxsr sse sse2 ss ht syscall nx pdpe1gb rdtscp lm constant_tsc arch_perfmon rep_good nopl xtopology tsc_reliable nonstop_tsc cpuid pni pclmulqdq vmx ssse3 fma cx16 pdcm pcid sse4_1 sse4_2 x2apic movbe popcnt tsc_deadline_timer aes xsave avx f16c rdrand hypervisor lahf_lm abm 3dnowprefetch invpcid_single ssbd ibrs ibpb stibp ibrs_enhanced tpr_shadow vnmi ept vpid ept_ad fsgsbase tsc_adjust bmi1 avx2 smep bmi2 erms invpcid avx512f avx512dq rdseed adx smap avx512ifma clflushopt clwb avx512cd sha_ni avx512bw avx512vl xsaveopt xsavec xgetbv1 xsaves avx512vbmi umip avx512_vbmi2 gfni vaes vpclmulqdq avx512_vnni avx512_bitalg avx512_vpopcntdq rdpid movdiri movdir64b fsrm avx512_vp2intersect md_clear flush_l1d arch_capabilities

Online cpus: 0-11
Offline cpus: 
BIOS frequency limitation: <Not Available>
Frequency switch latency (ns): <Not Available>
Available cpu frequencies: <Not Available>
Current governor: <Not Available>
Core performance/turbo boost: <Not Available>

Memory: 4k page, physical 8002752k(7240048k free), swap 2097152k(2097152k free)
Page Sizes: 4k

vm_info: OpenJDK 64-Bit Server VM (21.0.6+7-Ubuntu-124.04.1) for linux-amd64 JRE (21.0.6+7-Ubuntu-124.04.1), built on 2025-01-23T22:52:35Z by "buildd" with gcc 13.3.0

END.
